<?xml version="1.0" encoding="UTF-8"?>
<testng-results skipped="0" failed="1" ignored="0" total="2" passed="1">
  <reporter-output>
  </reporter-output>
  <suite name="Default suite" duration-ms="29215" started-at="2019-08-07T13:32:31Z" finished-at="2019-08-07T13:33:01Z">
    <groups>
    </groups>
    <test name="Default test" duration-ms="29215" started-at="2019-08-07T13:32:31Z" finished-at="2019-08-07T13:33:01Z">
      <class name="com.assignment02.qa.HomeTest.HomePageTest">
        <test-method status="PASS" signature="setup()[pri:0, instance:com.assignment02.qa.HomeTest.HomePageTest@52a86356]" name="setup" is-config="true" duration-ms="9851" started-at="2019-08-07T13:32:32Z" finished-at="2019-08-07T13:32:41Z">
          <reporter-output>
          </reporter-output>
        </test-method> <!-- setup -->
        <test-method status="PASS" signature="page_displayed()[pri:0, instance:com.assignment02.qa.HomeTest.HomePageTest@52a86356]" name="page_displayed" duration-ms="13" started-at="2019-08-07T13:32:41Z" finished-at="2019-08-07T13:32:41Z">
          <reporter-output>
          </reporter-output>
        </test-method> <!-- page_displayed -->
        <test-method status="PASS" signature="teardown()[pri:0, instance:com.assignment02.qa.HomeTest.HomePageTest@52a86356]" name="teardown" is-config="true" duration-ms="0" started-at="2019-08-07T13:32:41Z" finished-at="2019-08-07T13:32:41Z">
          <reporter-output>
          </reporter-output>
        </test-method> <!-- teardown -->
        <test-method status="PASS" signature="setup()[pri:0, instance:com.assignment02.qa.HomeTest.HomePageTest@52a86356]" name="setup" is-config="true" duration-ms="10304" started-at="2019-08-07T13:32:41Z" finished-at="2019-08-07T13:32:52Z">
          <reporter-output>
          </reporter-output>
        </test-method> <!-- setup -->
        <test-method status="FAIL" signature="review()[pri:0, instance:com.assignment02.qa.HomeTest.HomePageTest@52a86356]" name="review" duration-ms="9017" started-at="2019-08-07T13:32:52Z" finished-at="2019-08-07T13:33:01Z">
          <exception class="java.lang.NullPointerException">
            <full-stacktrace>
              <![CDATA[java.lang.NullPointerException
at sun.reflect.NativeMethodAccessorImpl.invoke0(Native Method)
at sun.reflect.NativeMethodAccessorImpl.invoke(Unknown Source)
at sun.reflect.DelegatingMethodAccessorImpl.invoke(Unknown Source)
at java.lang.reflect.Method.invoke(Unknown Source)
at org.openqa.selenium.support.pagefactory.internal.LocatingElementHandler.invoke(LocatingElementHandler.java:51)
at com.sun.proxy.$Proxy9.click(Unknown Source)
at com.assignment02.qa.HomePage.HomePage1.write(HomePage1.java:36)
at com.assignment02.qa.HomeTest.HomePageTest.review(HomePageTest.java:38)
at sun.reflect.NativeMethodAccessorImpl.invoke0(Native Method)
at sun.reflect.NativeMethodAccessorImpl.invoke(Unknown Source)
at sun.reflect.DelegatingMethodAccessorImpl.invoke(Unknown Source)
at java.lang.reflect.Method.invoke(Unknown Source)
at org.testng.internal.MethodInvocationHelper.invokeMethod(MethodInvocationHelper.java:124)
at org.testng.internal.Invoker.invokeMethod(Invoker.java:583)
at org.testng.internal.Invoker.invokeTestMethod(Invoker.java:719)
at org.testng.internal.Invoker.invokeTestMethods(Invoker.java:989)
at org.testng.internal.TestMethodWorker.invokeTestMethods(TestMethodWorker.java:125)
at org.testng.internal.TestMethodWorker.run(TestMethodWorker.java:109)
at org.testng.TestRunner.privateRun(TestRunner.java:648)
at org.testng.TestRunner.run(TestRunner.java:505)
at org.testng.SuiteRunner.runTest(SuiteRunner.java:455)
at org.testng.SuiteRunner.runSequentially(SuiteRunner.java:450)
at org.testng.SuiteRunner.privateRun(SuiteRunner.java:415)
at org.testng.SuiteRunner.run(SuiteRunner.java:364)
at org.testng.SuiteRunnerWorker.runSuite(SuiteRunnerWorker.java:52)
at org.testng.SuiteRunnerWorker.run(SuiteRunnerWorker.java:84)
at org.testng.TestNG.runSuitesSequentially(TestNG.java:1208)
at org.testng.TestNG.runSuitesLocally(TestNG.java:1137)
at org.testng.TestNG.runSuites(TestNG.java:1049)
at org.testng.TestNG.run(TestNG.java:1017)
at org.testng.remote.AbstractRemoteTestNG.run(AbstractRemoteTestNG.java:114)
at org.testng.remote.RemoteTestNG.initAndRun(RemoteTestNG.java:251)
at org.testng.remote.RemoteTestNG.main(RemoteTestNG.java:77)
]]>
            </full-stacktrace>
          </exception> <!-- java.lang.NullPointerException -->
          <reporter-output>
          </reporter-output>
        </test-method> <!-- review -->
        <test-method status="PASS" signature="teardown()[pri:0, instance:com.assignment02.qa.HomeTest.HomePageTest@52a86356]" name="teardown" is-config="true" duration-ms="0" started-at="2019-08-07T13:33:01Z" finished-at="2019-08-07T13:33:01Z">
          <reporter-output>
          </reporter-output>
        </test-method> <!-- teardown -->
      </class> <!-- com.assignment02.qa.HomeTest.HomePageTest -->
    </test> <!-- Default test -->
  </suite> <!-- Default suite -->
</testng-results>
